{"/home/luzinda/Desktop/todo-app/src/print.js": {"path":"/home/luzinda/Desktop/todo-app/src/print.js","statementMap":{"0":{"start":{"line":2,"column":0},"end":{"line":6,"column":1}},"1":{"start":{"line":3,"column":11},"end":{"line":3,"column":63}},"2":{"start":{"line":4,"column":2},"end":{"line":4,"column":57}},"3":{"start":{"line":4,"column":30},"end":{"line":4,"column":56}},"4":{"start":{"line":5,"column":2},"end":{"line":5,"column":57}},"5":{"start":{"line":8,"column":0},"end":{"line":15,"column":1}},"6":{"start":{"line":9,"column":11},"end":{"line":9,"column":63}},"7":{"start":{"line":10,"column":22},"end":{"line":10,"column":24}},"8":{"start":{"line":11,"column":12},"end":{"line":11,"column":36}},"9":{"start":{"line":12,"column":12},"end":{"line":12,"column":56}},"10":{"start":{"line":13,"column":12},"end":{"line":13,"column":67}},"11":{"start":{"line":14,"column":12},"end":{"line":14,"column":27}},"12":{"start":{"line":17,"column":0},"end":{"line":20,"column":1}},"13":{"start":{"line":18,"column":2},"end":{"line":18,"column":18}},"14":{"start":{"line":19,"column":2},"end":{"line":19,"column":57}},"15":{"start":{"line":22,"column":0},"end":{"line":32,"column":1}},"16":{"start":{"line":23,"column":11},"end":{"line":23,"column":63}},"17":{"start":{"line":24,"column":4},"end":{"line":24,"column":61}},"18":{"start":{"line":24,"column":32},"end":{"line":24,"column":60}},"19":{"start":{"line":25,"column":12},"end":{"line":25,"column":13}},"20":{"start":{"line":26,"column":4},"end":{"line":29,"column":7}},"21":{"start":{"line":27,"column":6},"end":{"line":27,"column":21}},"22":{"start":{"line":28,"column":6},"end":{"line":28,"column":13}},"23":{"start":{"line":30,"column":4},"end":{"line":30,"column":59}},"24":{"start":{"line":35,"column":0},"end":{"line":37,"column":1}},"25":{"start":{"line":36,"column":2},"end":{"line":36,"column":12}},"26":{"start":{"line":38,"column":0},"end":{"line":45,"column":1}},"27":{"start":{"line":39,"column":11},"end":{"line":39,"column":63}},"28":{"start":{"line":40,"column":12},"end":{"line":40,"column":14}},"29":{"start":{"line":41,"column":2},"end":{"line":41,"column":23}},"30":{"start":{"line":42,"column":2},"end":{"line":42,"column":31}},"31":{"start":{"line":43,"column":2},"end":{"line":43,"column":32}},"32":{"start":{"line":44,"column":2},"end":{"line":44,"column":57}},"33":{"start":{"line":48,"column":0},"end":{"line":55,"column":1}}},"fnMap":{"0":{"name":"(anonymous_0)","decl":{"start":{"line":2,"column":9},"end":{"line":2,"column":10}},"loc":{"start":{"line":2,"column":13},"end":{"line":6,"column":1}},"line":2},"1":{"name":"(anonymous_1)","decl":{"start":{"line":4,"column":19},"end":{"line":4,"column":20}},"loc":{"start":{"line":4,"column":30},"end":{"line":4,"column":56}},"line":4},"2":{"name":"(anonymous_2)","decl":{"start":{"line":8,"column":8},"end":{"line":8,"column":9}},"loc":{"start":{"line":8,"column":39},"end":{"line":15,"column":1}},"line":8},"3":{"name":"(anonymous_3)","decl":{"start":{"line":17,"column":8},"end":{"line":17,"column":9}},"loc":{"start":{"line":17,"column":22},"end":{"line":20,"column":1}},"line":17},"4":{"name":"(anonymous_4)","decl":{"start":{"line":22,"column":11},"end":{"line":22,"column":12}},"loc":{"start":{"line":22,"column":17},"end":{"line":32,"column":1}},"line":22},"5":{"name":"(anonymous_5)","decl":{"start":{"line":24,"column":21},"end":{"line":24,"column":22}},"loc":{"start":{"line":24,"column":32},"end":{"line":24,"column":60}},"line":24},"6":{"name":"(anonymous_6)","decl":{"start":{"line":26,"column":17},"end":{"line":26,"column":18}},"loc":{"start":{"line":26,"column":27},"end":{"line":29,"column":5}},"line":26},"7":{"name":"(anonymous_7)","decl":{"start":{"line":35,"column":4},"end":{"line":35,"column":5}},"loc":{"start":{"line":35,"column":11},"end":{"line":37,"column":1}},"line":35},"8":{"name":"(anonymous_8)","decl":{"start":{"line":38,"column":9},"end":{"line":38,"column":10}},"loc":{"start":{"line":38,"column":21},"end":{"line":45,"column":1}},"line":38}},"branchMap":{"0":{"loc":{"start":{"line":3,"column":11},"end":{"line":3,"column":63}},"type":"binary-expr","locations":[{"start":{"line":3,"column":11},"end":{"line":3,"column":57}},{"start":{"line":3,"column":61},"end":{"line":3,"column":63}}],"line":3},"1":{"loc":{"start":{"line":9,"column":11},"end":{"line":9,"column":63}},"type":"binary-expr","locations":[{"start":{"line":9,"column":11},"end":{"line":9,"column":57}},{"start":{"line":9,"column":61},"end":{"line":9,"column":63}}],"line":9},"2":{"loc":{"start":{"line":23,"column":11},"end":{"line":23,"column":63}},"type":"binary-expr","locations":[{"start":{"line":23,"column":11},"end":{"line":23,"column":57}},{"start":{"line":23,"column":61},"end":{"line":23,"column":63}}],"line":23},"3":{"loc":{"start":{"line":39,"column":11},"end":{"line":39,"column":63}},"type":"binary-expr","locations":[{"start":{"line":39,"column":11},"end":{"line":39,"column":57}},{"start":{"line":39,"column":61},"end":{"line":39,"column":63}}],"line":39}},"s":{"0":1,"1":1,"2":1,"3":10,"4":1,"5":1,"6":1,"7":1,"8":1,"9":1,"10":1,"11":1,"12":1,"13":3,"14":3,"15":1,"16":1,"17":1,"18":0,"19":1,"20":1,"21":0,"22":0,"23":1,"24":1,"25":0,"26":1,"27":2,"28":2,"29":2,"30":2,"31":2,"32":2,"33":1},"f":{"0":1,"1":10,"2":1,"3":3,"4":1,"5":0,"6":0,"7":0,"8":2},"b":{"0":[1,0],"1":[1,0],"2":[1,1],"3":[2,0]},"_coverageSchema":"1a1c01bbd47fc00a2c39e90264f33305004495a9","hash":"069d5b30fb748072dfbd0c65311b982293ad05b8"}
}
