{"/home/luzinda/Desktop/todo-app/src/print.js": {"path":"/home/luzinda/Desktop/todo-app/src/print.js","statementMap":{"0":{"start":{"line":2,"column":0},"end":{"line":6,"column":1}},"1":{"start":{"line":3,"column":11},"end":{"line":3,"column":63}},"2":{"start":{"line":4,"column":2},"end":{"line":4,"column":57}},"3":{"start":{"line":4,"column":30},"end":{"line":4,"column":56}},"4":{"start":{"line":5,"column":2},"end":{"line":5,"column":57}},"5":{"start":{"line":8,"column":0},"end":{"line":18,"column":1}},"6":{"start":{"line":9,"column":11},"end":{"line":9,"column":63}},"7":{"start":{"line":10,"column":22},"end":{"line":10,"column":24}},"8":{"start":{"line":11,"column":12},"end":{"line":11,"column":36}},"9":{"start":{"line":12,"column":12},"end":{"line":12,"column":32}},"10":{"start":{"line":13,"column":12},"end":{"line":13,"column":32}},"11":{"start":{"line":14,"column":12},"end":{"line":14,"column":56}},"12":{"start":{"line":15,"column":12},"end":{"line":15,"column":36}},"13":{"start":{"line":16,"column":12},"end":{"line":16,"column":67}},"14":{"start":{"line":17,"column":12},"end":{"line":17,"column":27}},"15":{"start":{"line":20,"column":0},"end":{"line":23,"column":1}},"16":{"start":{"line":21,"column":2},"end":{"line":21,"column":18}},"17":{"start":{"line":22,"column":2},"end":{"line":22,"column":57}},"18":{"start":{"line":25,"column":0},"end":{"line":35,"column":1}},"19":{"start":{"line":26,"column":11},"end":{"line":26,"column":63}},"20":{"start":{"line":27,"column":4},"end":{"line":27,"column":61}},"21":{"start":{"line":27,"column":32},"end":{"line":27,"column":60}},"22":{"start":{"line":28,"column":12},"end":{"line":28,"column":13}},"23":{"start":{"line":29,"column":4},"end":{"line":32,"column":7}},"24":{"start":{"line":30,"column":6},"end":{"line":30,"column":21}},"25":{"start":{"line":31,"column":6},"end":{"line":31,"column":13}},"26":{"start":{"line":33,"column":4},"end":{"line":33,"column":59}},"27":{"start":{"line":38,"column":0},"end":{"line":40,"column":1}},"28":{"start":{"line":39,"column":2},"end":{"line":39,"column":12}},"29":{"start":{"line":42,"column":0},"end":{"line":48,"column":1}}},"fnMap":{"0":{"name":"(anonymous_0)","decl":{"start":{"line":2,"column":9},"end":{"line":2,"column":10}},"loc":{"start":{"line":2,"column":18},"end":{"line":6,"column":1}},"line":2},"1":{"name":"(anonymous_1)","decl":{"start":{"line":4,"column":19},"end":{"line":4,"column":20}},"loc":{"start":{"line":4,"column":30},"end":{"line":4,"column":56}},"line":4},"2":{"name":"(anonymous_2)","decl":{"start":{"line":8,"column":8},"end":{"line":8,"column":9}},"loc":{"start":{"line":8,"column":39},"end":{"line":18,"column":1}},"line":8},"3":{"name":"(anonymous_3)","decl":{"start":{"line":20,"column":8},"end":{"line":20,"column":9}},"loc":{"start":{"line":20,"column":22},"end":{"line":23,"column":1}},"line":20},"4":{"name":"(anonymous_4)","decl":{"start":{"line":25,"column":11},"end":{"line":25,"column":12}},"loc":{"start":{"line":25,"column":17},"end":{"line":35,"column":1}},"line":25},"5":{"name":"(anonymous_5)","decl":{"start":{"line":27,"column":21},"end":{"line":27,"column":22}},"loc":{"start":{"line":27,"column":32},"end":{"line":27,"column":60}},"line":27},"6":{"name":"(anonymous_6)","decl":{"start":{"line":29,"column":17},"end":{"line":29,"column":18}},"loc":{"start":{"line":29,"column":27},"end":{"line":32,"column":5}},"line":29},"7":{"name":"(anonymous_7)","decl":{"start":{"line":38,"column":4},"end":{"line":38,"column":5}},"loc":{"start":{"line":38,"column":11},"end":{"line":40,"column":1}},"line":38}},"branchMap":{"0":{"loc":{"start":{"line":3,"column":11},"end":{"line":3,"column":63}},"type":"binary-expr","locations":[{"start":{"line":3,"column":11},"end":{"line":3,"column":57}},{"start":{"line":3,"column":61},"end":{"line":3,"column":63}}],"line":3},"1":{"loc":{"start":{"line":9,"column":11},"end":{"line":9,"column":63}},"type":"binary-expr","locations":[{"start":{"line":9,"column":11},"end":{"line":9,"column":57}},{"start":{"line":9,"column":61},"end":{"line":9,"column":63}}],"line":9},"2":{"loc":{"start":{"line":26,"column":11},"end":{"line":26,"column":63}},"type":"binary-expr","locations":[{"start":{"line":26,"column":11},"end":{"line":26,"column":57}},{"start":{"line":26,"column":61},"end":{"line":26,"column":63}}],"line":26}},"s":{"0":1,"1":0,"2":0,"3":0,"4":0,"5":1,"6":0,"7":0,"8":0,"9":0,"10":0,"11":0,"12":0,"13":0,"14":0,"15":1,"16":3,"17":3,"18":1,"19":1,"20":1,"21":0,"22":1,"23":1,"24":0,"25":0,"26":1,"27":1,"28":0,"29":1},"f":{"0":0,"1":0,"2":0,"3":3,"4":1,"5":0,"6":0,"7":0},"b":{"0":[0,0],"1":[0,0],"2":[1,1]},"_coverageSchema":"1a1c01bbd47fc00a2c39e90264f33305004495a9","hash":"f1388c3194a12586200af3b049101416bc698522"}
}
