TN:
SF:src/print.js
FN:2,(anonymous_0)
FN:4,(anonymous_1)
FN:8,(anonymous_2)
FN:17,(anonymous_3)
FN:22,(anonymous_4)
FN:24,(anonymous_5)
FN:26,(anonymous_6)
FN:35,(anonymous_7)
FN:38,(anonymous_8)
FNF:9
FNH:6
FNDA:1,(anonymous_0)
FNDA:10,(anonymous_1)
FNDA:1,(anonymous_2)
FNDA:3,(anonymous_3)
FNDA:1,(anonymous_4)
FNDA:0,(anonymous_5)
FNDA:0,(anonymous_6)
FNDA:0,(anonymous_7)
FNDA:2,(anonymous_8)
DA:2,1
DA:3,1
DA:4,10
DA:5,1
DA:8,1
DA:9,1
DA:10,1
DA:11,1
DA:12,1
DA:13,1
DA:14,1
DA:17,1
DA:18,3
DA:19,3
DA:22,1
DA:23,1
DA:24,1
DA:25,1
DA:26,1
DA:27,0
DA:28,0
DA:30,1
DA:35,1
DA:36,0
DA:38,1
DA:39,2
DA:40,2
DA:41,2
DA:42,2
DA:43,2
DA:44,2
DA:48,1
LF:32
LH:29
BRDA:3,0,0,1
BRDA:3,0,1,0
BRDA:9,1,0,1
BRDA:9,1,1,0
BRDA:23,2,0,1
BRDA:23,2,1,1
BRDA:39,3,0,2
BRDA:39,3,1,0
BRF:8
BRH:5
end_of_record
